#
# There is insufficient memory for the Java Runtime Environment to continue.
# Native memory allocation (mmap) failed to map 264241152 bytes for G1 virtual space
# Possible reasons:
#   The system is out of physical RAM or swap space
#   The process is running with CompressedOops enabled, and the Java Heap may be blocking the growth of the native heap
# Possible solutions:
#   Reduce memory load on the system
#   Increase physical memory or swap space
#   Check if swap backing store is full
#   Decrease Java heap size (-Xmx/-Xms)
#   Decrease number of Java threads
#   Decrease Java thread stack sizes (-Xss)
#   Set larger code cache with -XX:ReservedCodeCacheSize=
#   JVM is running with Unscaled Compressed Oops mode in which the Java heap is
#     placed in the first 4GB address space. The Java Heap base address is the
#     maximum limit for the native heap growth. Please use -XX:HeapBaseMinAddress
#     to set the Java Heap base and to place the Java Heap above 4GB virtual address.
# This output file may be truncated or incomplete.
#
#  Out of Memory Error (os_windows.cpp:3557), pid=34472, tid=14532
#
# JRE version:  (17.0.6+10) (build )
# Java VM: OpenJDK 64-Bit Server VM (17.0.6+10, mixed mode, sharing, tiered, compressed oops, compressed class ptrs, g1 gc, windows-amd64)
# No core dump will be written. Minidumps are not enabled by default on client versions of Windows
#

---------------  S U M M A R Y ------------

Command Line: -Dorg.gradle.internal.worker.tmpdir=D:\Visual code studio\Fontys\Sem3Software\Personal Project\TorqueHub\build\tmp\test\work -javaagent:D:\Visual code studio\Fontys\Sem3Software\Personal Project\TorqueHub\build\tmp\.cache\expanded\zip_b7e3e3efc9fa7b01ca2c5374419709e6\jacocoagent.jar=destfile=build/jacoco/test.exec,append=true,inclnolocationclasses=false,dumponexit=true,output=file,jmx=false -Xmx512m -Dfile.encoding=windows-1252 -Duser.country=US -Duser.language=en -Duser.variant -ea worker.org.gradle.process.internal.worker.GradleWorkerMain 'Gradle Test Executor 23'

Host: 12th Gen Intel(R) Core(TM) i5-12500H, 16 cores, 15G,  Windows 11 , 64 bit Build 22621 (10.0.22621.4391)
Time: Fri Nov  1 16:38:07 2024 W. Europe Standard Time elapsed time: 0.009265 seconds (0d 0h 0m 0s)

---------------  T H R E A D  ---------------

Current thread (0x0000024af2d259a0):  JavaThread "Unknown thread" [_thread_in_vm, id=14532, stack(0x000000d8bcd00000,0x000000d8bce00000)]

Stack: [0x000000d8bcd00000,0x000000d8bce00000]
Native frames: (J=compiled Java code, j=interpreted, Vv=VM code, C=native code)
V  [jvm.dll+0x67741a]
V  [jvm.dll+0x834434]
V  [jvm.dll+0x835bde]
V  [jvm.dll+0x836243]
V  [jvm.dll+0x2457b5]
V  [jvm.dll+0x674329]
V  [jvm.dll+0x6689da]
V  [jvm.dll+0x30489b]
V  [jvm.dll+0x30bd96]
V  [jvm.dll+0x35b57e]
V  [jvm.dll+0x35b7af]
V  [jvm.dll+0x2db778]
V  [jvm.dll+0x2dc6e4]
V  [jvm.dll+0x806131]
V  [jvm.dll+0x369331]
V  [jvm.dll+0x7e56ac]
V  [jvm.dll+0x3eb35f]
V  [jvm.dll+0x3ecea1]
C  [jli.dll+0x5267]
C  [ucrtbase.dll+0x29333]
C  [KERNEL32.DLL+0x1259d]
C  [ntdll.dll+0x5af38]


---------------  P R O C E S S  ---------------

Threads class SMR info:
_java_thread_list=0x00007ffd2ba65fd8, length=0, elements={
}

Java Threads: ( => current thread )

Other Threads:
  0x0000024af2d5b0e0 GCTaskThread "GC Thread#0" [stack: 0x000000d8bce00000,0x000000d8bcf00000] [id=416]
  0x0000024af2d5e000 ConcurrentGCThread "G1 Main Marker" [stack: 0x000000d8bcf00000,0x000000d8bd000000] [id=10092]
  0x0000024af2d5ea10 ConcurrentGCThread "G1 Conc#0" [stack: 0x000000d8bd000000,0x000000d8bd100000] [id=2208]

[error occurred during error reporting (printing all threads), id 0xc0000005, EXCEPTION_ACCESS_VIOLATION (0xc0000005) at pc=0x00007ffd2b23c1e7]

VM state: not at safepoint (not fully initialized)

VM Mutex/Monitor currently owned by a thread:  ([mutex/lock_event])
[0x0000024af2d216c0] Heap_lock - owner thread: 0x0000024af2d259a0

Heap address: 0x00000000e0000000, size: 512 MB, Compressed Oops mode: 32-bit

CDS archive(s) mapped at: [0x0000000000000000-0x0000000000000000-0x0000000000000000), size 0, SharedBaseAddress: 0x0000000800000000, ArchiveRelocationMode: 0.
Narrow klass base: 0x0000000000000000, Narrow klass shift: 0, Narrow klass range: 0x0

GC Precious Log:
<Empty>

Heap:
 garbage-first heap   total 0K, used 0K [0x00000000e0000000, 0x0000000100000000)
  region size 1024K, 0 young (0K), 0 survivors (0K)

[error occurred during error reporting (printing heap information), id 0xc0000005, EXCEPTION_ACCESS_VIOLATION (0xc0000005) at pc=0x00007ffd2b6206f9]

GC Heap History (0 events):
No events

Dll operation events (1 events):
Event: 0.006 Loaded shared library C:\Users\marto\AppData\Local\Programs\Eclipse Adoptium\jdk-17.0.6.10-hotspot\bin\java.dll

Deoptimization events (0 events):
No events

Classes unloaded (0 events):
No events

Classes redefined (0 events):
No events

Internal exceptions (0 events):
No events

VM Operations (0 events):
No events

Events (0 events):
No events


Dynamic libraries:
0x00007ff730f60000 - 0x00007ff730f6e000 	C:\Users\marto\AppData\Local\Programs\Eclipse Adoptium\jdk-17.0.6.10-hotspot\bin\java.exe
0x00007ffde3f70000 - 0x00007ffde4187000 	C:\WINDOWS\SYSTEM32\ntdll.dll
0x00007ffde2b80000 - 0x00007ffde2c44000 	C:\WINDOWS\System32\KERNEL32.DLL
0x00007ffde14b0000 - 0x00007ffde1869000 	C:\WINDOWS\System32\KERNELBASE.dll
0x00007ffde1390000 - 0x00007ffde14a1000 	C:\WINDOWS\System32\ucrtbase.dll
0x00007ffdd9bc0000 - 0x00007ffdd9bd9000 	C:\Users\marto\AppData\Local\Programs\Eclipse Adoptium\jdk-17.0.6.10-hotspot\bin\VCRUNTIME140.dll
0x00007ffdd8fc0000 - 0x00007ffdd8fd7000 	C:\Users\marto\AppData\Local\Programs\Eclipse Adoptium\jdk-17.0.6.10-hotspot\bin\jli.dll
0x00007ffde3260000 - 0x00007ffde340e000 	C:\WINDOWS\System32\USER32.dll
0x00007ffdabfd0000 - 0x00007ffdac262000 	C:\WINDOWS\WinSxS\amd64_microsoft.windows.common-controls_6595b64144ccf1df_6.0.22621.4391_none_2715d37f73803e96\COMCTL32.dll
0x00007ffde1360000 - 0x00007ffde1386000 	C:\WINDOWS\System32\win32u.dll
0x00007ffde3e80000 - 0x00007ffde3f27000 	C:\WINDOWS\System32\msvcrt.dll
0x00007ffde2f90000 - 0x00007ffde2fb9000 	C:\WINDOWS\System32\GDI32.dll
0x00007ffde18e0000 - 0x00007ffde19fb000 	C:\WINDOWS\System32\gdi32full.dll
0x00007ffde1a00000 - 0x00007ffde1a9a000 	C:\WINDOWS\System32\msvcp_win.dll
0x00007ffde3030000 - 0x00007ffde3061000 	C:\WINDOWS\System32\IMM32.DLL
0x00007ffddb470000 - 0x00007ffddb47c000 	C:\Users\marto\AppData\Local\Programs\Eclipse Adoptium\jdk-17.0.6.10-hotspot\bin\vcruntime140_1.dll
0x00007ffdcfeb0000 - 0x00007ffdcff41000 	C:\Users\marto\AppData\Local\Programs\Eclipse Adoptium\jdk-17.0.6.10-hotspot\bin\msvcp140.dll
0x00007ffd2af50000 - 0x00007ffd2bb97000 	C:\Users\marto\AppData\Local\Programs\Eclipse Adoptium\jdk-17.0.6.10-hotspot\bin\server\jvm.dll
0x00007ffde1c90000 - 0x00007ffde1d42000 	C:\WINDOWS\System32\ADVAPI32.dll
0x00007ffde2d00000 - 0x00007ffde2da7000 	C:\WINDOWS\System32\sechost.dll
0x00007ffde1270000 - 0x00007ffde1298000 	C:\WINDOWS\System32\bcrypt.dll
0x00007ffde1da0000 - 0x00007ffde1eb4000 	C:\WINDOWS\System32\RPCRT4.dll
0x00007ffdbf550000 - 0x00007ffdbf559000 	C:\WINDOWS\SYSTEM32\WSOCK32.dll
0x00007ffde2a70000 - 0x00007ffde2ae1000 	C:\WINDOWS\System32\WS2_32.dll
0x00007ffddaea0000 - 0x00007ffddaed4000 	C:\WINDOWS\SYSTEM32\WINMM.dll
0x00007ffdd94f0000 - 0x00007ffdd94fa000 	C:\WINDOWS\SYSTEM32\VERSION.dll
0x00007ffde0360000 - 0x00007ffde0378000 	C:\WINDOWS\SYSTEM32\kernel.appcore.dll
0x00007ffddb0f0000 - 0x00007ffddb0fa000 	C:\Users\marto\AppData\Local\Programs\Eclipse Adoptium\jdk-17.0.6.10-hotspot\bin\jimage.dll
0x00007ffdde7e0000 - 0x00007ffddea12000 	C:\WINDOWS\SYSTEM32\DBGHELP.DLL
0x00007ffde2600000 - 0x00007ffde298f000 	C:\WINDOWS\System32\combase.dll
0x00007ffde2990000 - 0x00007ffde2a67000 	C:\WINDOWS\System32\OLEAUT32.dll
0x00007ffdd8da0000 - 0x00007ffdd8dd2000 	C:\WINDOWS\SYSTEM32\dbgcore.DLL
0x00007ffde1c10000 - 0x00007ffde1c8b000 	C:\WINDOWS\System32\bcryptPrimitives.dll
0x00007ffdd6210000 - 0x00007ffdd621e000 	C:\Users\marto\AppData\Local\Programs\Eclipse Adoptium\jdk-17.0.6.10-hotspot\bin\instrument.dll
0x00007ffdd6280000 - 0x00007ffdd62a5000 	C:\Users\marto\AppData\Local\Programs\Eclipse Adoptium\jdk-17.0.6.10-hotspot\bin\java.dll

dbghelp: loaded successfully - version: 4.0.5 - missing functions: none
symbol engine: initialized successfully - sym options: 0x614 - pdb path: .;C:\Users\marto\AppData\Local\Programs\Eclipse Adoptium\jdk-17.0.6.10-hotspot\bin;C:\WINDOWS\SYSTEM32;C:\WINDOWS\WinSxS\amd64_microsoft.windows.common-controls_6595b64144ccf1df_6.0.22621.4391_none_2715d37f73803e96;C:\Users\marto\AppData\Local\Programs\Eclipse Adoptium\jdk-17.0.6.10-hotspot\bin\server

VM Arguments:
jvm_args: -Dorg.gradle.internal.worker.tmpdir=D:\Visual code studio\Fontys\Sem3Software\Personal Project\TorqueHub\build\tmp\test\work -javaagent:D:\Visual code studio\Fontys\Sem3Software\Personal Project\TorqueHub\build\tmp\.cache\expanded\zip_b7e3e3efc9fa7b01ca2c5374419709e6\jacocoagent.jar=destfile=build/jacoco/test.exec,append=true,inclnolocationclasses=false,dumponexit=true,output=file,jmx=false -Xmx512m -Dfile.encoding=windows-1252 -Duser.country=US -Duser.language=en -Duser.variant -ea 
java_command: worker.org.gradle.process.internal.worker.GradleWorkerMain 'Gradle Test Executor 23'
java_class_path (initial): C:\Users\marto\.gradle\caches\8.10.1\workerMain\gradle-worker.jar;D:\Visual code studio\Fontys\Sem3Software\Personal Project\TorqueHub\build\classes\java\test;D:\Visual code studio\Fontys\Sem3Software\Personal Project\TorqueHub\build\classes\java\main;D:\Visual code studio\Fontys\Sem3Software\Personal Project\TorqueHub\build\resources\main;C:\Users\marto\.gradle\caches\modules-2\files-2.1\com.github.ben-manes.caffeine\caffeine\3.1.8\24795585df8afaf70a2cd534786904ea5889c047\caffeine-3.1.8.jar;C:\Users\marto\.gradle\caches\modules-2\files-2.1\org.springframework.boot\spring-boot-starter-cache\3.3.3\e5753a3a44d27946cac52b51399de044ce9314f2\spring-boot-starter-cache-3.3.3.jar;C:\Users\marto\.gradle\caches\modules-2\files-2.1\org.springframework.boot\spring-boot-starter-websocket\3.3.3\4c6e92e649eb730636f9ffaeebaec771547628\spring-boot-starter-websocket-3.3.3.jar;C:\Users\marto\.gradle\caches\modules-2\files-2.1\org.springframework.boot\spring-boot-starter-web\3.3.3\f19325fefd33dc920c0f68547a798ed731a8c70c\spring-boot-starter-web-3.3.3.jar;C:\Users\marto\.gradle\caches\modules-2\files-2.1\org.projectlombok\lombok\1.18.34\ec547ef414ab1d2c040118fb9c1c265ada63af14\lombok-1.18.34.jar;C:\Users\marto\.gradle\caches\modules-2\files-2.1\org.springframework.boot\spring-boot-starter-data-jpa\3.3.3\7eeb176d6130f7aa83405fe2985fe7cadc11ebc5\spring-boot-starter-data-jpa-3.3.3.jar;C:\Users\marto\.gradle\caches\modules-2\files-2.1\org.springframework.boot\spring-boot-starter-security\3.3.3\80c76e69884e061f0197275005d45dd1648e25c2\spring-boot-starter-security-3.3.3.jar;C:\Users\marto\.gradle\caches\modules-2\files-2.1\io.jsonwebtoken\jjwt-impl\0.11.5\40a599f0e8a8e4e0701596fbb15e67bfda64fdf0\jjwt-impl-0.11.5.jar;C:\Users\marto\.gradle\caches\modules-2\files-2.1\io.jsonwebtoken\jjwt-jackson\0.11.5\3b83a06809e98a69402d7333dcf67df6f6ea4579\jjwt-jackson-0.11.5.jar;C:\Users\marto\.gradle\caches\modules-2\files-2.1\io.jsonwebtoken\jjwt-api\0.11.5\f742940045619d06383
Launcher Type: SUN_STANDARD

[Global flags]
     intx CICompilerCount                          = 12                                        {product} {ergonomic}
     uint ConcGCThreads                            = 3                                         {product} {ergonomic}
     uint G1ConcRefinementThreads                  = 13                                        {product} {ergonomic}
   size_t G1HeapRegionSize                         = 1048576                                   {product} {ergonomic}
    uintx GCDrainStackTargetSize                   = 64                                        {product} {ergonomic}
   size_t InitialHeapSize                          = 264241152                                 {product} {ergonomic}
   size_t MarkStackSize                            = 4194304                                   {product} {ergonomic}
   size_t MaxHeapSize                              = 536870912                                 {product} {command line}
   size_t MinHeapDeltaBytes                        = 1048576                                   {product} {ergonomic}
   size_t MinHeapSize                              = 8388608                                   {product} {ergonomic}
    uintx NonNMethodCodeHeapSize                   = 7602480                                {pd product} {ergonomic}
    uintx NonProfiledCodeHeapSize                  = 122027880                              {pd product} {ergonomic}
    uintx ProfiledCodeHeapSize                     = 122027880                              {pd product} {ergonomic}
    uintx ReservedCodeCacheSize                    = 251658240                              {pd product} {ergonomic}
     bool SegmentedCodeCache                       = true                                      {product} {ergonomic}
   size_t SoftMaxHeapSize                          = 536870912                              {manageable} {ergonomic}
     bool UseCompressedClassPointers               = true                           {product lp64_product} {ergonomic}
     bool UseCompressedOops                        = true                           {product lp64_product} {ergonomic}
     bool UseG1GC                                  = true                                      {product} {ergonomic}
     bool UseLargePagesIndividualAllocation        = false                                  {pd product} {ergonomic}

Logging:
Log output configuration:
 #0: stdout all=warning uptime,level,tags
 #1: stderr all=off uptime,level,tags

Environment Variables:
JAVA_HOME=C:\Users\marto\AppData\Local\Programs\Eclipse Adoptium\jdk-17.0.6.10-hotspot\
CLASSPATH=D:\Visual code studio\Fontys\Sem3Software\Personal Project\TorqueHub\\gradle\wrapper\gradle-wrapper.jar
PATH=C:\Program Files\Java\jdk-17\bin;C:\Python312\Scripts\;C:\Python312\;C:\Apache24\bin;C:\ProgramData\chocolatey\bin;C:\Program Files\NVIDIA Corporation\NVIDIA NvDLISR;C:\Program Files\MongoDB\mongosh-1.10.1-win32-x64\bin;C:\Program Files\Vim\vim90;C:\Program Files\MongoDB\Server\6.0\bin;C:\Program Files\dotnet\;C:\Program Files (x86)\Microsoft SQL Server\160\Tools\Binn\;C:\Program Files\Microsoft SQL Server\160\Tools\Binn\;C:\Program Files\Microsoft SQL Server\Client SDK\ODBC\170\Tools\Binn\;C:\Program Files\Microsoft SQL Server\160\DTS\Binn\;C:\Program Files (x86)\Microsoft SQL Server\160\DTS\Binn\;C:\Program Files\Azure Data Studio\bin;C:\Program Files\Microsoft SQL Server\150\Tools\Binn\;C:\Program Files\Microsoft SQL Server\130\Tools\Binn\;C:\Users\marto\OneDrive\??????? ????;C:\WINDOWS\system32;C:\WINDOWS;C:\WINDOWS\System32\Wbem;C:\WINDOWS\System32\WindowsPowerShell\v1.0\;C:\WINDOWS\System32\OpenSSH\;C:\Program Files (x86)\NVIDIA Corporation\PhysX\Common;C:\Program Files\nodejs\;C:\Program Files\Git\bin;C:\Program Files\Docker\Docker\resources\bin;C:\Program Files\Java\jdk-19\bin;C:\Program Files\MySQL\MySQL Shell 8.0\bin\;C:\Users\marto\AppData\Local\Programs\Python\Python311\Scripts\;C:\Users\marto\AppData\Local\Programs\Python\Python311\;C:\Users\marto\AppData\Local\Programs\Python\Launcher\;C:\Users\marto\AppData\Local\Programs\Eclipse Adoptium\jdk-17.0.6.10-hotspot\bin;C:\Users\marto\AppData\Local\Microsoft\WindowsApps;;C:\Users\marto\AppData\Local\Programs\Microsoft VS Code\bin;C:\Program Files\Azure Data Studio\bin;C:\Users\marto\.dotnet\tools;C:\Users\marto\AppData\Local\Microsoft\WinGet\Links;C:\Users\marto\AppData\Roaming\npm
USERNAME=marto
OS=Windows_NT
PROCESSOR_IDENTIFIER=Intel64 Family 6 Model 154 Stepping 3, GenuineIntel
TMP=C:\Users\marto\AppData\Local\Temp
TEMP=C:\Users\marto\AppData\Local\Temp



---------------  S Y S T E M  ---------------

OS:
 Windows 11 , 64 bit Build 22621 (10.0.22621.4391)
OS uptime: 7 days 17:06 hours
Hyper-V role detected

CPU: total 16 (initial active 16) (8 cores per cpu, 2 threads per core) family 6 model 154 stepping 3 microcode 0x420, cx8, cmov, fxsr, ht, mmx, 3dnowpref, sse, sse2, sse3, ssse3, sse4.1, sse4.2, popcnt, lzcnt, tsc, tscinvbit, avx, avx2, aes, erms, clmul, bmi1, bmi2, adx, sha, fma, vzeroupper, clflush, clflushopt, clwb, hv

Memory: 4k page, system-wide physical 16093M (337M free)
TotalPageFile size 65245M (AvailPageFile size 61M)
current process WorkingSet (physical memory assigned to process): 11M, peak: 11M
current process commit charge ("private bytes"): 70M, peak: 322M

vm_info: OpenJDK 64-Bit Server VM (17.0.6+10) for windows-amd64 JRE (17.0.6+10), built on Jan 18 2023 10:08:59 by "temurin" with MS VC++ 16.7 (VS2019)

END.
